Arguments: 
  C:\Program Files\nodejs\node.exe C:\Users\yuivan\AppData\Roaming\npm\node_modules\yarn\bin\yarn.js add nodemon --dev

PATH: 
  D:\jdk\bin;C:\Program Files (x86)\Common Files\Oracle\Java\javapath;C:\Python27\;C:\Python27\Scripts;D:\app\yuivan\product\11.2.0\dbhome_1\bin;C:\WINDOWS\system32;C:\WINDOWS;C:\WINDOWS\System32\Wbem;C:\WINDOWS\System32\WindowsPowerShell\v1.0\;C:\Program Files\Java\jdk1.8.0_231\bin;C:\Program Files\Java\jdk1.8.0_231\jre\bin;D:\Git\cmd;C:\Program Files\TortoiseGit\bin;C:\WINDOWS\System32\OpenSSH\;C:\Program Files\TortoiseSVN\bin;C:\Program Files\PuTTY\;D:\Microsoft VS Code\bin;C:\Users\yuivan\AppData\Local\Android\Sdk\platform-tools;C:\ProgramData\chocolatey\bin;C:\Program Files\nodejs\;C:\Users\yuivan\AppData\Local\Microsoft\WindowsApps;D:\Microsoft VS Code\bin;C:\Users\yuivan\AppData\Local\Android\Sdk\platform-tools;C:\Users\yuivan\Downloads;C:\Users\yuivan\AppData\Local\BypassRuntm;C:\Users\yuivan\AppData\Local\Microsoft\WindowsApps;C:\Users\yuivan\AppData\Local\Android\Sdk\emulator;C:\Users\yuivan\AppData\Local\Android\Sdk\tools;C:\Users\yuivan\AppData\Local\Android\Sdk\tools\bin;C:\Users\yuivan\AppData\Roaming\npm

Yarn version: 
  1.21.1

Node version: 
  12.19.0

Platform: 
  win32 x64

Trace: 
  SyntaxError: D:\mock\package.json: Unexpected token } in JSON at position 87
      at JSON.parse (<anonymous>)
      at C:\Users\yuivan\AppData\Roaming\npm\node_modules\yarn\lib\cli.js:1625:59
      at Generator.next (<anonymous>)
      at step (C:\Users\yuivan\AppData\Roaming\npm\node_modules\yarn\lib\cli.js:310:30)
      at C:\Users\yuivan\AppData\Roaming\npm\node_modules\yarn\lib\cli.js:321:13

npm manifest: 
  {
    "name": "mock",
    "version": "1.0.0",
    "main": "index.js",
    "license": "MIT",
    
  }

yarn manifest: 
  No manifest

Lockfile: 
  No lockfile
